2021-04-08 08:03:52.413  WARN 5076 --- [HikariPool-18 housekeeper] com.zaxxer.hikari.pool.HikariPool        : HikariPool-18 - Thread starvation or clock leap detected (housekeeper delta=13h8m19s366ms574µs325ns).
2021-04-08 08:28:32.540  WARN 5076 --- [HikariPool-18 housekeeper] com.zaxxer.hikari.pool.HikariPool        : HikariPool-18 - Thread starvation or clock leap detected (housekeeper delta=20m28s626ms618µs514ns).
2021-04-08 08:34:20.235  WARN 5076 --- [http-nio-8080-exec-5] .m.m.a.ExceptionHandlerExceptionResolver : Resolved [org.springframework.web.bind.MethodArgumentNotValidException: Validation failed for argument [0] in public com.cap.exs.entities.Employee com.cap.exs.controllers.EmployeeController.updateEmployee(com.cap.exs.request.UpdateEmployeeRequest) with 2 errors: [Field error in object 'updateEmployeeRequest' on field 'dob': rejected value [0NaN/0NaN/NaN]; codes [Past.updateEmployeeRequest.dob,Past.dob,Past.java.lang.String,Past]; arguments [org.springframework.context.support.DefaultMessageSourceResolvable: codes [updateEmployeeRequest.dob,dob]; arguments []; default message [dob]]; default message [date should be in format 'MM/dd/yyyy' and cannot be a future date]] [Field error in object 'updateEmployeeRequest' on field 'dob': rejected value [0NaN/0NaN/NaN]; codes [Pattern.updateEmployeeRequest.dob,Pattern.dob,Pattern.java.lang.String,Pattern]; arguments [org.springframework.context.support.DefaultMessageSourceResolvable: codes [updateEmployeeRequest.dob,dob]; arguments []; default message [dob],[Ljavax.validation.constraints.Pattern$Flag;@32d2500,^(0[1-9]|1[012])/(0[1-9]|[12][0-9]|3[01])/(19|20)\d\d$]; default message [Invalid date of birth]] ]
2021-04-08 08:35:16.460  WARN 5076 --- [http-nio-8080-exec-9] .m.m.a.ExceptionHandlerExceptionResolver : Resolved [org.springframework.web.bind.MethodArgumentNotValidException: Validation failed for argument [0] in public com.cap.exs.entities.Employee com.cap.exs.controllers.EmployeeController.updateEmployee(com.cap.exs.request.UpdateEmployeeRequest) with 2 errors: [Field error in object 'updateEmployeeRequest' on field 'dob': rejected value [0NaN/0NaN/NaN]; codes [Past.updateEmployeeRequest.dob,Past.dob,Past.java.lang.String,Past]; arguments [org.springframework.context.support.DefaultMessageSourceResolvable: codes [updateEmployeeRequest.dob,dob]; arguments []; default message [dob]]; default message [date should be in format 'MM/dd/yyyy' and cannot be a future date]] [Field error in object 'updateEmployeeRequest' on field 'dob': rejected value [0NaN/0NaN/NaN]; codes [Pattern.updateEmployeeRequest.dob,Pattern.dob,Pattern.java.lang.String,Pattern]; arguments [org.springframework.context.support.DefaultMessageSourceResolvable: codes [updateEmployeeRequest.dob,dob]; arguments []; default message [dob],[Ljavax.validation.constraints.Pattern$Flag;@32d2500,^(0[1-9]|1[012])/(0[1-9]|[12][0-9]|3[01])/(19|20)\d\d$]; default message [Invalid date of birth]] ]
2021-04-08 08:35:19.626  WARN 5076 --- [http-nio-8080-exec-8] .m.m.a.ExceptionHandlerExceptionResolver : Resolved [org.springframework.web.bind.MethodArgumentNotValidException: Validation failed for argument [0] in public com.cap.exs.entities.Employee com.cap.exs.controllers.EmployeeController.updateEmployee(com.cap.exs.request.UpdateEmployeeRequest) with 2 errors: [Field error in object 'updateEmployeeRequest' on field 'dob': rejected value [0NaN/0NaN/NaN]; codes [Past.updateEmployeeRequest.dob,Past.dob,Past.java.lang.String,Past]; arguments [org.springframework.context.support.DefaultMessageSourceResolvable: codes [updateEmployeeRequest.dob,dob]; arguments []; default message [dob]]; default message [date should be in format 'MM/dd/yyyy' and cannot be a future date]] [Field error in object 'updateEmployeeRequest' on field 'dob': rejected value [0NaN/0NaN/NaN]; codes [Pattern.updateEmployeeRequest.dob,Pattern.dob,Pattern.java.lang.String,Pattern]; arguments [org.springframework.context.support.DefaultMessageSourceResolvable: codes [updateEmployeeRequest.dob,dob]; arguments []; default message [dob],[Ljavax.validation.constraints.Pattern$Flag;@32d2500,^(0[1-9]|1[012])/(0[1-9]|[12][0-9]|3[01])/(19|20)\d\d$]; default message [Invalid date of birth]] ]
2021-04-08 08:36:03.907  WARN 5076 --- [http-nio-8080-exec-4] .m.m.a.ExceptionHandlerExceptionResolver : Resolved [org.springframework.web.bind.MethodArgumentNotValidException: Validation failed for argument [0] in public com.cap.exs.entities.Employee com.cap.exs.controllers.EmployeeController.updateEmployee(com.cap.exs.request.UpdateEmployeeRequest) with 2 errors: [Field error in object 'updateEmployeeRequest' on field 'dob': rejected value [0NaN/0NaN/NaN]; codes [Pattern.updateEmployeeRequest.dob,Pattern.dob,Pattern.java.lang.String,Pattern]; arguments [org.springframework.context.support.DefaultMessageSourceResolvable: codes [updateEmployeeRequest.dob,dob]; arguments []; default message [dob],[Ljavax.validation.constraints.Pattern$Flag;@32d2500,^(0[1-9]|1[012])/(0[1-9]|[12][0-9]|3[01])/(19|20)\d\d$]; default message [Invalid date of birth]] [Field error in object 'updateEmployeeRequest' on field 'dob': rejected value [0NaN/0NaN/NaN]; codes [Past.updateEmployeeRequest.dob,Past.dob,Past.java.lang.String,Past]; arguments [org.springframework.context.support.DefaultMessageSourceResolvable: codes [updateEmployeeRequest.dob,dob]; arguments []; default message [dob]]; default message [date should be in format 'MM/dd/yyyy' and cannot be a future date]] ]
2021-04-08 08:37:56.142  WARN 5076 --- [http-nio-8080-exec-9] .m.m.a.ExceptionHandlerExceptionResolver : Resolved [org.springframework.web.bind.MethodArgumentNotValidException: Validation failed for argument [0] in public com.cap.exs.entities.Employee com.cap.exs.controllers.EmployeeController.updateEmployee(com.cap.exs.request.UpdateEmployeeRequest) with 2 errors: [Field error in object 'updateEmployeeRequest' on field 'dob': rejected value [0NaN/0NaN/NaN]; codes [Pattern.updateEmployeeRequest.dob,Pattern.dob,Pattern.java.lang.String,Pattern]; arguments [org.springframework.context.support.DefaultMessageSourceResolvable: codes [updateEmployeeRequest.dob,dob]; arguments []; default message [dob],[Ljavax.validation.constraints.Pattern$Flag;@32d2500,^(0[1-9]|1[012])/(0[1-9]|[12][0-9]|3[01])/(19|20)\d\d$]; default message [Invalid date of birth]] [Field error in object 'updateEmployeeRequest' on field 'dob': rejected value [0NaN/0NaN/NaN]; codes [Past.updateEmployeeRequest.dob,Past.dob,Past.java.lang.String,Past]; arguments [org.springframework.context.support.DefaultMessageSourceResolvable: codes [updateEmployeeRequest.dob,dob]; arguments []; default message [dob]]; default message [date should be in format 'MM/dd/yyyy' and cannot be a future date]] ]
2021-04-08 08:39:12.889  WARN 5076 --- [http-nio-8080-exec-7] .m.m.a.ExceptionHandlerExceptionResolver : Resolved [org.springframework.web.bind.MethodArgumentNotValidException: Validation failed for argument [0] in public com.cap.exs.entities.Employee com.cap.exs.controllers.EmployeeController.updateEmployee(com.cap.exs.request.UpdateEmployeeRequest) with 2 errors: [Field error in object 'updateEmployeeRequest' on field 'dob': rejected value [0NaN/0NaN/NaN]; codes [Past.updateEmployeeRequest.dob,Past.dob,Past.java.lang.String,Past]; arguments [org.springframework.context.support.DefaultMessageSourceResolvable: codes [updateEmployeeRequest.dob,dob]; arguments []; default message [dob]]; default message [date should be in format 'MM/dd/yyyy' and cannot be a future date]] [Field error in object 'updateEmployeeRequest' on field 'dob': rejected value [0NaN/0NaN/NaN]; codes [Pattern.updateEmployeeRequest.dob,Pattern.dob,Pattern.java.lang.String,Pattern]; arguments [org.springframework.context.support.DefaultMessageSourceResolvable: codes [updateEmployeeRequest.dob,dob]; arguments []; default message [dob],[Ljavax.validation.constraints.Pattern$Flag;@32d2500,^(0[1-9]|1[012])/(0[1-9]|[12][0-9]|3[01])/(19|20)\d\d$]; default message [Invalid date of birth]] ]
2021-04-08 08:39:45.541  WARN 5076 --- [http-nio-8080-exec-10] .m.m.a.ExceptionHandlerExceptionResolver : Resolved [org.springframework.web.bind.MethodArgumentNotValidException: Validation failed for argument [0] in public com.cap.exs.entities.Employee com.cap.exs.controllers.EmployeeController.updateEmployee(com.cap.exs.request.UpdateEmployeeRequest) with 2 errors: [Field error in object 'updateEmployeeRequest' on field 'dob': rejected value [0NaN/0NaN/NaN]; codes [Pattern.updateEmployeeRequest.dob,Pattern.dob,Pattern.java.lang.String,Pattern]; arguments [org.springframework.context.support.DefaultMessageSourceResolvable: codes [updateEmployeeRequest.dob,dob]; arguments []; default message [dob],[Ljavax.validation.constraints.Pattern$Flag;@32d2500,^(0[1-9]|1[012])/(0[1-9]|[12][0-9]|3[01])/(19|20)\d\d$]; default message [Invalid date of birth]] [Field error in object 'updateEmployeeRequest' on field 'dob': rejected value [0NaN/0NaN/NaN]; codes [Past.updateEmployeeRequest.dob,Past.dob,Past.java.lang.String,Past]; arguments [org.springframework.context.support.DefaultMessageSourceResolvable: codes [updateEmployeeRequest.dob,dob]; arguments []; default message [dob]]; default message [date should be in format 'MM/dd/yyyy' and cannot be a future date]] ]
2021-04-08 08:40:27.185  WARN 5076 --- [http-nio-8080-exec-5] .m.m.a.ExceptionHandlerExceptionResolver : Resolved [org.springframework.web.bind.MethodArgumentNotValidException: Validation failed for argument [0] in public com.cap.exs.entities.Employee com.cap.exs.controllers.EmployeeController.updateEmployee(com.cap.exs.request.UpdateEmployeeRequest) with 2 errors: [Field error in object 'updateEmployeeRequest' on field 'dob': rejected value [0NaN/0NaN/NaN]; codes [Pattern.updateEmployeeRequest.dob,Pattern.dob,Pattern.java.lang.String,Pattern]; arguments [org.springframework.context.support.DefaultMessageSourceResolvable: codes [updateEmployeeRequest.dob,dob]; arguments []; default message [dob],[Ljavax.validation.constraints.Pattern$Flag;@32d2500,^(0[1-9]|1[012])/(0[1-9]|[12][0-9]|3[01])/(19|20)\d\d$]; default message [Invalid date of birth]] [Field error in object 'updateEmployeeRequest' on field 'dob': rejected value [0NaN/0NaN/NaN]; codes [Past.updateEmployeeRequest.dob,Past.dob,Past.java.lang.String,Past]; arguments [org.springframework.context.support.DefaultMessageSourceResolvable: codes [updateEmployeeRequest.dob,dob]; arguments []; default message [dob]]; default message [date should be in format 'MM/dd/yyyy' and cannot be a future date]] ]
2021-04-08 08:44:08.986  WARN 5076 --- [http-nio-8080-exec-10] .m.m.a.ExceptionHandlerExceptionResolver : Resolved [org.springframework.web.bind.MethodArgumentNotValidException: Validation failed for argument [0] in public com.cap.exs.entities.Employee com.cap.exs.controllers.EmployeeController.updateEmployee(com.cap.exs.request.UpdateEmployeeRequest) with 2 errors: [Field error in object 'updateEmployeeRequest' on field 'dob': rejected value [0NaN/0NaN/NaN]; codes [Past.updateEmployeeRequest.dob,Past.dob,Past.java.lang.String,Past]; arguments [org.springframework.context.support.DefaultMessageSourceResolvable: codes [updateEmployeeRequest.dob,dob]; arguments []; default message [dob]]; default message [date should be in format 'MM/dd/yyyy' and cannot be a future date]] [Field error in object 'updateEmployeeRequest' on field 'dob': rejected value [0NaN/0NaN/NaN]; codes [Pattern.updateEmployeeRequest.dob,Pattern.dob,Pattern.java.lang.String,Pattern]; arguments [org.springframework.context.support.DefaultMessageSourceResolvable: codes [updateEmployeeRequest.dob,dob]; arguments []; default message [dob],[Ljavax.validation.constraints.Pattern$Flag;@32d2500,^(0[1-9]|1[012])/(0[1-9]|[12][0-9]|3[01])/(19|20)\d\d$]; default message [Invalid date of birth]] ]
2021-04-08 08:45:42.566  WARN 5076 --- [http-nio-8080-exec-7] .m.m.a.ExceptionHandlerExceptionResolver : Resolved [org.springframework.web.bind.MethodArgumentNotValidException: Validation failed for argument [0] in public com.cap.exs.entities.Employee com.cap.exs.controllers.EmployeeController.updateEmployee(com.cap.exs.request.UpdateEmployeeRequest) with 2 errors: [Field error in object 'updateEmployeeRequest' on field 'dob': rejected value [0NaN/0NaN/NaN]; codes [Past.updateEmployeeRequest.dob,Past.dob,Past.java.lang.String,Past]; arguments [org.springframework.context.support.DefaultMessageSourceResolvable: codes [updateEmployeeRequest.dob,dob]; arguments []; default message [dob]]; default message [date should be in format 'MM/dd/yyyy' and cannot be a future date]] [Field error in object 'updateEmployeeRequest' on field 'dob': rejected value [0NaN/0NaN/NaN]; codes [Pattern.updateEmployeeRequest.dob,Pattern.dob,Pattern.java.lang.String,Pattern]; arguments [org.springframework.context.support.DefaultMessageSourceResolvable: codes [updateEmployeeRequest.dob,dob]; arguments []; default message [dob],[Ljavax.validation.constraints.Pattern$Flag;@32d2500,^(0[1-9]|1[012])/(0[1-9]|[12][0-9]|3[01])/(19|20)\d\d$]; default message [Invalid date of birth]] ]
2021-04-08 08:46:36.799  WARN 5076 --- [http-nio-8080-exec-3] .m.m.a.ExceptionHandlerExceptionResolver : Resolved [org.springframework.web.bind.MethodArgumentNotValidException: Validation failed for argument [0] in public com.cap.exs.entities.Employee com.cap.exs.controllers.EmployeeController.updateEmployee(com.cap.exs.request.UpdateEmployeeRequest) with 2 errors: [Field error in object 'updateEmployeeRequest' on field 'dob': rejected value [0NaN/0NaN/NaN]; codes [Past.updateEmployeeRequest.dob,Past.dob,Past.java.lang.String,Past]; arguments [org.springframework.context.support.DefaultMessageSourceResolvable: codes [updateEmployeeRequest.dob,dob]; arguments []; default message [dob]]; default message [date should be in format 'MM/dd/yyyy' and cannot be a future date]] [Field error in object 'updateEmployeeRequest' on field 'dob': rejected value [0NaN/0NaN/NaN]; codes [Pattern.updateEmployeeRequest.dob,Pattern.dob,Pattern.java.lang.String,Pattern]; arguments [org.springframework.context.support.DefaultMessageSourceResolvable: codes [updateEmployeeRequest.dob,dob]; arguments []; default message [dob],[Ljavax.validation.constraints.Pattern$Flag;@32d2500,^(0[1-9]|1[012])/(0[1-9]|[12][0-9]|3[01])/(19|20)\d\d$]; default message [Invalid date of birth]] ]
2021-04-08 09:23:41.040  WARN 5076 --- [http-nio-8080-exec-7] .m.m.a.ExceptionHandlerExceptionResolver : Resolved [org.springframework.security.authentication.BadCredentialsException: Bad credentials]
2021-04-08 09:24:39.034 ERROR 5076 --- [http-nio-8080-exec-3] c.cap.exs.services.ExpenseClaimService   : no Expense claims  found for employee :  Gopal Chanda
2021-04-08 09:24:39.475  WARN 5076 --- [http-nio-8080-exec-3] .m.m.a.ExceptionHandlerExceptionResolver : Resolved [com.cap.exs.exceptions.ExpenseClaimNotFoundException: no Expense claims  found for employee :  Gopal Chanda]
2021-04-08 09:25:01.398 ERROR 5076 --- [http-nio-8080-exec-8] c.cap.exs.services.ExpenseClaimService   : no Expense claims  found for employee :  Gopal Chanda
2021-04-08 09:25:01.408  WARN 5076 --- [http-nio-8080-exec-8] .m.m.a.ExceptionHandlerExceptionResolver : Resolved [com.cap.exs.exceptions.ExpenseClaimNotFoundException: no Expense claims  found for employee :  Gopal Chanda]
2021-04-08 09:25:20.777 ERROR 5076 --- [http-nio-8080-exec-2] c.cap.exs.services.ExpenseClaimService   : no Expense claims  found for employee :  Gopal Chanda
2021-04-08 09:25:20.779  WARN 5076 --- [http-nio-8080-exec-2] .m.m.a.ExceptionHandlerExceptionResolver : Resolved [com.cap.exs.exceptions.ExpenseClaimNotFoundException: no Expense claims  found for employee :  Gopal Chanda]
2021-04-08 09:28:25.356 ERROR 5076 --- [http-nio-8080-exec-5] c.cap.exs.services.ExpenseClaimService   : no Expense claims  found for employee :  Gopal Chanda
2021-04-08 09:28:25.358  WARN 5076 --- [http-nio-8080-exec-5] .m.m.a.ExceptionHandlerExceptionResolver : Resolved [com.cap.exs.exceptions.ExpenseClaimNotFoundException: no Expense claims  found for employee :  Gopal Chanda]
2021-04-08 09:29:37.261 ERROR 5076 --- [http-nio-8080-exec-10] c.cap.exs.services.ExpenseClaimService   : no Expense claims  found for employee :  Gopal Chanda
2021-04-08 09:29:37.262  WARN 5076 --- [http-nio-8080-exec-10] .m.m.a.ExceptionHandlerExceptionResolver : Resolved [com.cap.exs.exceptions.ExpenseClaimNotFoundException: no Expense claims  found for employee :  Gopal Chanda]
2021-04-08 09:31:03.949 ERROR 5076 --- [http-nio-8080-exec-10] c.cap.exs.services.ExpenseClaimService   : no Expense claims  found for employee :  Gopal Chanda
2021-04-08 09:31:03.952  WARN 5076 --- [http-nio-8080-exec-10] .m.m.a.ExceptionHandlerExceptionResolver : Resolved [com.cap.exs.exceptions.ExpenseClaimNotFoundException: no Expense claims  found for employee :  Gopal Chanda]
2021-04-08 14:42:58.446  WARN 5076 --- [HikariPool-18 housekeeper] com.zaxxer.hikari.pool.HikariPool        : HikariPool-18 - Thread starvation or clock leap detected (housekeeper delta=2h29m23s658ms72µs68ns).
2021-04-08 14:57:05.149 ERROR 5076 --- [http-nio-8080-exec-6] c.cap.exs.services.ExpenseClaimService   : no Expense claims  found for employee :  Gopal Chanda
2021-04-08 14:57:05.152  WARN 5076 --- [http-nio-8080-exec-6] .m.m.a.ExceptionHandlerExceptionResolver : Resolved [com.cap.exs.exceptions.ExpenseClaimNotFoundException: no Expense claims  found for employee :  Gopal Chanda]
2021-04-08 14:57:05.916 ERROR 5076 --- [http-nio-8080-exec-9] c.cap.exs.services.ExpenseClaimService   : no Expense claims  found for employee :  Gopal Chanda
2021-04-08 14:57:05.917  WARN 5076 --- [http-nio-8080-exec-9] .m.m.a.ExceptionHandlerExceptionResolver : Resolved [com.cap.exs.exceptions.ExpenseClaimNotFoundException: no Expense claims  found for employee :  Gopal Chanda]
2021-04-08 14:57:06.603 ERROR 5076 --- [http-nio-8080-exec-8] c.cap.exs.services.ExpenseClaimService   : no Expense claims  found for employee :  Gopal Chanda
2021-04-08 14:57:06.605  WARN 5076 --- [http-nio-8080-exec-8] .m.m.a.ExceptionHandlerExceptionResolver : Resolved [com.cap.exs.exceptions.ExpenseClaimNotFoundException: no Expense claims  found for employee :  Gopal Chanda]
2021-04-08 14:57:12.027 ERROR 5076 --- [http-nio-8080-exec-10] c.cap.exs.services.ExpenseClaimService   : no Expense claims  found for employee :  Gopal Chanda
2021-04-08 14:57:12.029  WARN 5076 --- [http-nio-8080-exec-10] .m.m.a.ExceptionHandlerExceptionResolver : Resolved [com.cap.exs.exceptions.ExpenseClaimNotFoundException: no Expense claims  found for employee :  Gopal Chanda]
2021-04-08 14:57:23.231 ERROR 5076 --- [http-nio-8080-exec-1] c.cap.exs.services.ExpenseClaimService   : no Expense claims  found for employee :  Gopal Chanda
2021-04-08 14:57:23.252  WARN 5076 --- [http-nio-8080-exec-1] .m.m.a.ExceptionHandlerExceptionResolver : Resolved [com.cap.exs.exceptions.ExpenseClaimNotFoundException: no Expense claims  found for employee :  Gopal Chanda]
2021-04-08 14:59:18.597 ERROR 5076 --- [http-nio-8080-exec-4] c.cap.exs.services.ExpenseClaimService   : no Expense claims  found for employee :  Gopal Chanda
2021-04-08 14:59:18.600  WARN 5076 --- [http-nio-8080-exec-4] .m.m.a.ExceptionHandlerExceptionResolver : Resolved [com.cap.exs.exceptions.ExpenseClaimNotFoundException: no Expense claims  found for employee :  Gopal Chanda]
2021-04-08 15:00:50.405 ERROR 5076 --- [http-nio-8080-exec-3] c.cap.exs.services.ExpenseClaimService   : no Expense claims  found for employee :  Gopal Chanda
2021-04-08 15:00:50.406  WARN 5076 --- [http-nio-8080-exec-3] .m.m.a.ExceptionHandlerExceptionResolver : Resolved [com.cap.exs.exceptions.ExpenseClaimNotFoundException: no Expense claims  found for employee :  Gopal Chanda]
2021-04-08 15:00:53.699 ERROR 5076 --- [http-nio-8080-exec-4] c.cap.exs.services.ExpenseClaimService   : no Expense claims  found for employee :  Gopal Chanda
2021-04-08 15:00:53.701  WARN 5076 --- [http-nio-8080-exec-4] .m.m.a.ExceptionHandlerExceptionResolver : Resolved [com.cap.exs.exceptions.ExpenseClaimNotFoundException: no Expense claims  found for employee :  Gopal Chanda]
2021-04-08 15:00:59.418 ERROR 5076 --- [http-nio-8080-exec-6] c.cap.exs.services.ExpenseClaimService   : no Expense claims  found for employee :  Gopal Chanda
2021-04-08 15:00:59.419  WARN 5076 --- [http-nio-8080-exec-6] .m.m.a.ExceptionHandlerExceptionResolver : Resolved [com.cap.exs.exceptions.ExpenseClaimNotFoundException: no Expense claims  found for employee :  Gopal Chanda]
2021-04-08 15:01:36.290 ERROR 5076 --- [http-nio-8080-exec-10] c.cap.exs.services.ExpenseClaimService   : no Expense claims  found for employee :  Gopal Chanda
2021-04-08 15:01:36.320  WARN 5076 --- [http-nio-8080-exec-10] .m.m.a.ExceptionHandlerExceptionResolver : Resolved [com.cap.exs.exceptions.ExpenseClaimNotFoundException: no Expense claims  found for employee :  Gopal Chanda]
2021-04-08 15:02:22.254 ERROR 5076 --- [http-nio-8080-exec-4] c.cap.exs.services.ExpenseClaimService   : no Expense claims  found for employee :  Gopal Chanda
2021-04-08 15:02:22.256  WARN 5076 --- [http-nio-8080-exec-4] .m.m.a.ExceptionHandlerExceptionResolver : Resolved [com.cap.exs.exceptions.ExpenseClaimNotFoundException: no Expense claims  found for employee :  Gopal Chanda]
2021-04-08 15:02:25.716 ERROR 5076 --- [http-nio-8080-exec-9] c.cap.exs.services.ExpenseClaimService   : no Expense claims  found for employee :  Gopal Chanda
2021-04-08 15:02:25.718  WARN 5076 --- [http-nio-8080-exec-9] .m.m.a.ExceptionHandlerExceptionResolver : Resolved [com.cap.exs.exceptions.ExpenseClaimNotFoundException: no Expense claims  found for employee :  Gopal Chanda]
2021-04-08 15:02:26.165 ERROR 5076 --- [http-nio-8080-exec-8] c.cap.exs.services.ExpenseClaimService   : no Expense claims  found for employee :  Gopal Chanda
2021-04-08 15:02:26.166  WARN 5076 --- [http-nio-8080-exec-8] .m.m.a.ExceptionHandlerExceptionResolver : Resolved [com.cap.exs.exceptions.ExpenseClaimNotFoundException: no Expense claims  found for employee :  Gopal Chanda]
2021-04-08 15:04:35.728 ERROR 5076 --- [http-nio-8080-exec-8] c.cap.exs.services.ExpenseClaimService   : no Expense claims  found for employee :  Gopal Chanda
2021-04-08 15:04:35.729  WARN 5076 --- [http-nio-8080-exec-8] .m.m.a.ExceptionHandlerExceptionResolver : Resolved [com.cap.exs.exceptions.ExpenseClaimNotFoundException: no Expense claims  found for employee :  Gopal Chanda]
2021-04-08 15:04:42.515 ERROR 5076 --- [http-nio-8080-exec-5] c.cap.exs.services.ExpenseClaimService   : no Expense claims  found for employee :  Gopal Chanda
2021-04-08 15:04:42.516  WARN 5076 --- [http-nio-8080-exec-5] .m.m.a.ExceptionHandlerExceptionResolver : Resolved [com.cap.exs.exceptions.ExpenseClaimNotFoundException: no Expense claims  found for employee :  Gopal Chanda]
2021-04-08 15:04:52.515 ERROR 5076 --- [http-nio-8080-exec-10] c.cap.exs.services.ExpenseClaimService   : no Expense claims  found for employee :  Gopal Chanda
2021-04-08 15:04:52.516  WARN 5076 --- [http-nio-8080-exec-10] .m.m.a.ExceptionHandlerExceptionResolver : Resolved [com.cap.exs.exceptions.ExpenseClaimNotFoundException: no Expense claims  found for employee :  Gopal Chanda]
2021-04-08 15:05:02.671 ERROR 5076 --- [http-nio-8080-exec-7] c.cap.exs.services.ExpenseClaimService   : no Expense claims  found for employee :  Gopal Chanda
2021-04-08 15:05:02.673  WARN 5076 --- [http-nio-8080-exec-7] .m.m.a.ExceptionHandlerExceptionResolver : Resolved [com.cap.exs.exceptions.ExpenseClaimNotFoundException: no Expense claims  found for employee :  Gopal Chanda]
2021-04-08 15:05:18.441 ERROR 5076 --- [http-nio-8080-exec-8] c.cap.exs.services.ExpenseClaimService   : no Expense claims  found for employee :  Gopal Chanda
2021-04-08 15:05:18.475  WARN 5076 --- [http-nio-8080-exec-8] .m.m.a.ExceptionHandlerExceptionResolver : Resolved [com.cap.exs.exceptions.ExpenseClaimNotFoundException: no Expense claims  found for employee :  Gopal Chanda]
2021-04-08 15:07:59.002 ERROR 5076 --- [http-nio-8080-exec-2] c.cap.exs.services.ExpenseClaimService   : no Expense claims  found for employee :  Gopal Chanda
2021-04-08 15:07:59.004  WARN 5076 --- [http-nio-8080-exec-2] .m.m.a.ExceptionHandlerExceptionResolver : Resolved [com.cap.exs.exceptions.ExpenseClaimNotFoundException: no Expense claims  found for employee :  Gopal Chanda]
2021-04-08 15:08:34.960 ERROR 5076 --- [http-nio-8080-exec-4] c.cap.exs.services.ExpenseClaimService   : no Expense claims  found for employee :  Gopal Chanda
2021-04-08 15:08:34.962  WARN 5076 --- [http-nio-8080-exec-4] .m.m.a.ExceptionHandlerExceptionResolver : Resolved [com.cap.exs.exceptions.ExpenseClaimNotFoundException: no Expense claims  found for employee :  Gopal Chanda]
2021-04-08 15:08:50.207 ERROR 5076 --- [http-nio-8080-exec-10] c.cap.exs.services.ExpenseClaimService   : no Expense claims  found for employee :  Gopal Chanda
2021-04-08 15:08:50.222  WARN 5076 --- [http-nio-8080-exec-10] .m.m.a.ExceptionHandlerExceptionResolver : Resolved [com.cap.exs.exceptions.ExpenseClaimNotFoundException: no Expense claims  found for employee :  Gopal Chanda]
2021-04-08 15:08:54.698 ERROR 5076 --- [http-nio-8080-exec-2] c.cap.exs.services.ExpenseClaimService   : no Expense claims  found for employee :  Gopal Chanda
2021-04-08 15:08:54.699  WARN 5076 --- [http-nio-8080-exec-2] .m.m.a.ExceptionHandlerExceptionResolver : Resolved [com.cap.exs.exceptions.ExpenseClaimNotFoundException: no Expense claims  found for employee :  Gopal Chanda]
2021-04-08 15:09:31.363 ERROR 5076 --- [http-nio-8080-exec-8] c.cap.exs.services.ExpenseClaimService   : no Expense claims  found for employee :  Gopal Chanda
2021-04-08 15:09:31.364  WARN 5076 --- [http-nio-8080-exec-8] .m.m.a.ExceptionHandlerExceptionResolver : Resolved [com.cap.exs.exceptions.ExpenseClaimNotFoundException: no Expense claims  found for employee :  Gopal Chanda]
2021-04-08 15:10:00.422 ERROR 5076 --- [http-nio-8080-exec-6] c.cap.exs.services.ExpenseClaimService   : no Expense claims  found for employee :  Gopal Chanda
2021-04-08 15:10:00.424  WARN 5076 --- [http-nio-8080-exec-6] .m.m.a.ExceptionHandlerExceptionResolver : Resolved [com.cap.exs.exceptions.ExpenseClaimNotFoundException: no Expense claims  found for employee :  Gopal Chanda]
2021-04-08 15:10:01.381 ERROR 5076 --- [http-nio-8080-exec-10] c.cap.exs.services.ExpenseClaimService   : no Expense claims  found for employee :  Gopal Chanda
2021-04-08 15:10:01.383  WARN 5076 --- [http-nio-8080-exec-10] .m.m.a.ExceptionHandlerExceptionResolver : Resolved [com.cap.exs.exceptions.ExpenseClaimNotFoundException: no Expense claims  found for employee :  Gopal Chanda]
2021-04-08 15:10:24.243 ERROR 5076 --- [http-nio-8080-exec-5] c.cap.exs.services.ExpenseClaimService   : no Expense claims  found for employee :  Gopal Chanda
2021-04-08 15:10:24.245  WARN 5076 --- [http-nio-8080-exec-5] .m.m.a.ExceptionHandlerExceptionResolver : Resolved [com.cap.exs.exceptions.ExpenseClaimNotFoundException: no Expense claims  found for employee :  Gopal Chanda]
2021-04-08 15:10:24.579 ERROR 5076 --- [http-nio-8080-exec-8] c.cap.exs.services.ExpenseClaimService   : no Expense claims  found for employee :  Gopal Chanda
2021-04-08 15:10:24.580  WARN 5076 --- [http-nio-8080-exec-8] .m.m.a.ExceptionHandlerExceptionResolver : Resolved [com.cap.exs.exceptions.ExpenseClaimNotFoundException: no Expense claims  found for employee :  Gopal Chanda]
2021-04-08 15:10:28.052 ERROR 5076 --- [http-nio-8080-exec-10] c.cap.exs.services.ExpenseClaimService   : no Expense claims  found for employee :  Gopal Chanda
2021-04-08 15:10:28.054  WARN 5076 --- [http-nio-8080-exec-10] .m.m.a.ExceptionHandlerExceptionResolver : Resolved [com.cap.exs.exceptions.ExpenseClaimNotFoundException: no Expense claims  found for employee :  Gopal Chanda]
2021-04-08 15:11:05.879 ERROR 5076 --- [http-nio-8080-exec-2] c.cap.exs.services.ExpenseClaimService   : no Expense claims  found for employee :  Gopal Chanda
2021-04-08 15:11:05.881  WARN 5076 --- [http-nio-8080-exec-2] .m.m.a.ExceptionHandlerExceptionResolver : Resolved [com.cap.exs.exceptions.ExpenseClaimNotFoundException: no Expense claims  found for employee :  Gopal Chanda]
2021-04-08 15:11:09.028 ERROR 5076 --- [http-nio-8080-exec-9] c.cap.exs.services.ExpenseClaimService   : no Expense claims  found for employee :  Gopal Chanda
2021-04-08 15:11:09.030  WARN 5076 --- [http-nio-8080-exec-9] .m.m.a.ExceptionHandlerExceptionResolver : Resolved [com.cap.exs.exceptions.ExpenseClaimNotFoundException: no Expense claims  found for employee :  Gopal Chanda]
2021-04-08 15:11:22.144  WARN 5076 --- [http-nio-8080-exec-4] .m.m.a.ExceptionHandlerExceptionResolver : Resolved [org.springframework.security.authentication.BadCredentialsException: Bad credentials]
2021-04-08 15:28:07.329  INFO 5076 --- [Thread-113] o.s.s.concurrent.ThreadPoolTaskExecutor  : Shutting down ExecutorService 'applicationTaskExecutor'
2021-04-08 15:28:07.556  INFO 5076 --- [Thread-113] j.LocalContainerEntityManagerFactoryBean : Closing JPA EntityManagerFactory for persistence unit 'default'
2021-04-08 15:28:07.892  INFO 5076 --- [Thread-113] com.zaxxer.hikari.HikariDataSource       : HikariPool-18 - Shutdown initiated...
2021-04-08 15:28:07.915  INFO 5076 --- [Thread-113] com.zaxxer.hikari.HikariDataSource       : HikariPool-18 - Shutdown completed.
2021-04-08 15:29:02.273  INFO 5076 --- [restartedMain] c.c.e.EmployeeExpenseSystemApplication   : Starting EmployeeExpenseSystemApplication using Java 1.8.0_271 on malware with PID 5076 (C:\Users\Naman Mittal\Desktop\Academics\Capgemini Training\Git\git_collab\employee-expense-system\bin\main started by Naman Mittal in C:\Users\Naman Mittal\Desktop\Academics\Capgemini Training\Git\git_collab\employee-expense-system)
2021-04-08 15:29:02.294  INFO 5076 --- [restartedMain] c.c.e.EmployeeExpenseSystemApplication   : No active profile set, falling back to default profiles: default
2021-04-08 15:29:08.289  INFO 5076 --- [restartedMain] .s.d.r.c.RepositoryConfigurationDelegate : Bootstrapping Spring Data JPA repositories in DEFAULT mode.
2021-04-08 15:29:08.698  INFO 5076 --- [restartedMain] .s.d.r.c.RepositoryConfigurationDelegate : Finished Spring Data repository scanning in 395 ms. Found 6 JPA repository interfaces.
2021-04-08 15:29:10.664  INFO 5076 --- [restartedMain] trationDelegate$BeanPostProcessorChecker : Bean 'org.springframework.security.access.expression.method.DefaultMethodSecurityExpressionHandler@461bdc77' of type [org.springframework.security.access.expression.method.DefaultMethodSecurityExpressionHandler] is not eligible for getting processed by all BeanPostProcessors (for example: not eligible for auto-proxying)
2021-04-08 15:29:10.670  INFO 5076 --- [restartedMain] trationDelegate$BeanPostProcessorChecker : Bean 'methodSecurityMetadataSource' of type [org.springframework.security.access.method.DelegatingMethodSecurityMetadataSource] is not eligible for getting processed by all BeanPostProcessors (for example: not eligible for auto-proxying)
2021-04-08 15:29:14.159  INFO 5076 --- [restartedMain] o.s.b.w.embedded.tomcat.TomcatWebServer  : Tomcat initialized with port(s): 8080 (http)
2021-04-08 15:29:14.179  INFO 5076 --- [restartedMain] o.apache.catalina.core.StandardService   : Starting service [Tomcat]
2021-04-08 15:29:14.180  INFO 5076 --- [restartedMain] org.apache.catalina.core.StandardEngine  : Starting Servlet engine: [Apache Tomcat/9.0.43]
2021-04-08 15:29:14.340  INFO 5076 --- [restartedMain] o.a.c.c.C.[Tomcat].[localhost].[/]       : Initializing Spring embedded WebApplicationContext
2021-04-08 15:29:14.341  INFO 5076 --- [restartedMain] w.s.c.ServletWebServerApplicationContext : Root WebApplicationContext: initialization completed in 12010 ms
2021-04-08 15:29:14.506  WARN 5076 --- [restartedMain] JpaBaseConfiguration$JpaWebConfiguration : spring.jpa.open-in-view is enabled by default. Therefore, database queries may be performed during view rendering. Explicitly configure spring.jpa.open-in-view to disable this warning
2021-04-08 15:29:14.686  INFO 5076 --- [restartedMain] o.hibernate.jpa.internal.util.LogHelper  : HHH000204: Processing PersistenceUnitInfo [name: default]
2021-04-08 15:29:15.232  INFO 5076 --- [restartedMain] com.zaxxer.hikari.HikariDataSource       : HikariPool-19 - Starting...
2021-04-08 15:29:15.360  INFO 5076 --- [restartedMain] com.zaxxer.hikari.HikariDataSource       : HikariPool-19 - Start completed.
2021-04-08 15:29:15.380  INFO 5076 --- [restartedMain] org.hibernate.dialect.Dialect            : HHH000400: Using dialect: org.hibernate.dialect.PostgreSQLDialect
2021-04-08 15:29:19.316  INFO 5076 --- [restartedMain] o.h.e.t.j.p.i.JtaPlatformInitiator       : HHH000490: Using JtaPlatform implementation: [org.hibernate.engine.transaction.jta.platform.internal.NoJtaPlatform]
2021-04-08 15:29:19.316  INFO 5076 --- [restartedMain] j.LocalContainerEntityManagerFactoryBean : Initialized JPA EntityManagerFactory for persistence unit 'default'
2021-04-08 15:29:20.359  INFO 5076 --- [restartedMain] o.s.b.d.a.OptionalLiveReloadServer       : LiveReload server is running on port 35729
2021-04-08 15:29:22.674  INFO 5076 --- [restartedMain] pertySourcedRequestMappingHandlerMapping : Mapped URL path [/v2/api-docs] onto method [springfox.documentation.swagger2.web.Swagger2Controller#getDocumentation(String, HttpServletRequest)]
2021-04-08 15:29:22.728  INFO 5076 --- [restartedMain] o.s.s.web.DefaultSecurityFilterChain     : Will secure Ant [pattern='/v2/api-docs'] with []
2021-04-08 15:29:22.729  INFO 5076 --- [restartedMain] o.s.s.web.DefaultSecurityFilterChain     : Will secure Ant [pattern='/configuration/ui'] with []
2021-04-08 15:29:22.729  INFO 5076 --- [restartedMain] o.s.s.web.DefaultSecurityFilterChain     : Will secure Ant [pattern='/swagger-resources/**'] with []
2021-04-08 15:29:22.729  INFO 5076 --- [restartedMain] o.s.s.web.DefaultSecurityFilterChain     : Will secure Ant [pattern='/configuration/security'] with []
2021-04-08 15:29:22.729  INFO 5076 --- [restartedMain] o.s.s.web.DefaultSecurityFilterChain     : Will secure Ant [pattern='/swagger-ui.html'] with []
2021-04-08 15:29:22.729  INFO 5076 --- [restartedMain] o.s.s.web.DefaultSecurityFilterChain     : Will secure Ant [pattern='/webjars/**'] with []
2021-04-08 15:29:22.796  INFO 5076 --- [restartedMain] o.s.s.web.DefaultSecurityFilterChain     : Will secure any request with [org.springframework.security.web.context.request.async.WebAsyncManagerIntegrationFilter@375d189b, org.springframework.security.web.context.SecurityContextPersistenceFilter@4a77f420, org.springframework.security.web.header.HeaderWriterFilter@6d38550a, org.springframework.web.filter.CorsFilter@64fb5e37, org.springframework.security.web.authentication.logout.LogoutFilter@2e706b8f, com.cap.exs.security.jwt.AuthTokenFilter@29214399, org.springframework.security.web.savedrequest.RequestCacheAwareFilter@7e244e91, org.springframework.security.web.servletapi.SecurityContextHolderAwareRequestFilter@511bd45a, org.springframework.security.web.authentication.AnonymousAuthenticationFilter@3e163b90, org.springframework.security.web.session.SessionManagementFilter@19b26e06, org.springframework.security.web.access.ExceptionTranslationFilter@20029cbb, org.springframework.security.web.access.intercept.FilterSecurityInterceptor@26750349]
2021-04-08 15:29:22.853  INFO 5076 --- [restartedMain] o.s.s.concurrent.ThreadPoolTaskExecutor  : Initializing ExecutorService 'applicationTaskExecutor'
2021-04-08 15:29:23.029  INFO 5076 --- [restartedMain] o.s.b.w.embedded.tomcat.TomcatWebServer  : Tomcat started on port(s): 8080 (http) with context path ''
2021-04-08 15:29:23.029  INFO 5076 --- [restartedMain] d.s.w.p.DocumentationPluginsBootstrapper : Context refreshed
2021-04-08 15:29:23.038  INFO 5076 --- [restartedMain] d.s.w.p.DocumentationPluginsBootstrapper : Found 1 custom documentation plugin(s)
2021-04-08 15:29:23.118  INFO 5076 --- [restartedMain] s.d.s.w.s.ApiListingReferenceScanner     : Scanning for api listing references
2021-04-08 15:29:23.860  INFO 5076 --- [restartedMain] c.c.e.EmployeeExpenseSystemApplication   : Started EmployeeExpenseSystemApplication in 22.487 seconds (JVM running for 110048.291)
2021-04-08 15:29:23.915  INFO 5076 --- [restartedMain] .ConditionEvaluationDeltaLoggingListener : Condition evaluation unchanged
2021-04-08 15:31:09.941  INFO 5076 --- [Thread-127] o.s.s.concurrent.ThreadPoolTaskExecutor  : Shutting down ExecutorService 'applicationTaskExecutor'
2021-04-08 15:31:10.061  INFO 5076 --- [Thread-127] j.LocalContainerEntityManagerFactoryBean : Closing JPA EntityManagerFactory for persistence unit 'default'
2021-04-08 15:31:10.062  INFO 5076 --- [Thread-127] com.zaxxer.hikari.HikariDataSource       : HikariPool-19 - Shutdown initiated...
2021-04-08 15:31:10.083  INFO 5076 --- [Thread-127] com.zaxxer.hikari.HikariDataSource       : HikariPool-19 - Shutdown completed.
2021-04-08 15:31:10.805  INFO 5076 --- [restartedMain] c.c.e.EmployeeExpenseSystemApplication   : Starting EmployeeExpenseSystemApplication using Java 1.8.0_271 on malware with PID 5076 (C:\Users\Naman Mittal\Desktop\Academics\Capgemini Training\Git\git_collab\employee-expense-system\bin\main started by Naman Mittal in C:\Users\Naman Mittal\Desktop\Academics\Capgemini Training\Git\git_collab\employee-expense-system)
2021-04-08 15:31:10.805  INFO 5076 --- [restartedMain] c.c.e.EmployeeExpenseSystemApplication   : No active profile set, falling back to default profiles: default
2021-04-08 15:31:11.265  INFO 5076 --- [restartedMain] .s.d.r.c.RepositoryConfigurationDelegate : Bootstrapping Spring Data JPA repositories in DEFAULT mode.
2021-04-08 15:31:11.358  INFO 5076 --- [restartedMain] .s.d.r.c.RepositoryConfigurationDelegate : Finished Spring Data repository scanning in 91 ms. Found 6 JPA repository interfaces.
2021-04-08 15:31:11.487  INFO 5076 --- [restartedMain] trationDelegate$BeanPostProcessorChecker : Bean 'org.springframework.security.access.expression.method.DefaultMethodSecurityExpressionHandler@2e4a6e62' of type [org.springframework.security.access.expression.method.DefaultMethodSecurityExpressionHandler] is not eligible for getting processed by all BeanPostProcessors (for example: not eligible for auto-proxying)
2021-04-08 15:31:11.488  INFO 5076 --- [restartedMain] trationDelegate$BeanPostProcessorChecker : Bean 'methodSecurityMetadataSource' of type [org.springframework.security.access.method.DelegatingMethodSecurityMetadataSource] is not eligible for getting processed by all BeanPostProcessors (for example: not eligible for auto-proxying)
2021-04-08 15:31:11.593  INFO 5076 --- [restartedMain] o.s.b.w.embedded.tomcat.TomcatWebServer  : Tomcat initialized with port(s): 8080 (http)
2021-04-08 15:31:11.594  INFO 5076 --- [restartedMain] o.apache.catalina.core.StandardService   : Starting service [Tomcat]
2021-04-08 15:31:11.594  INFO 5076 --- [restartedMain] org.apache.catalina.core.StandardEngine  : Starting Servlet engine: [Apache Tomcat/9.0.43]
2021-04-08 15:31:11.615  INFO 5076 --- [restartedMain] o.a.c.c.C.[Tomcat].[localhost].[/]       : Initializing Spring embedded WebApplicationContext
2021-04-08 15:31:11.615  INFO 5076 --- [restartedMain] w.s.c.ServletWebServerApplicationContext : Root WebApplicationContext: initialization completed in 807 ms
2021-04-08 15:31:11.660  WARN 5076 --- [restartedMain] JpaBaseConfiguration$JpaWebConfiguration : spring.jpa.open-in-view is enabled by default. Therefore, database queries may be performed during view rendering. Explicitly configure spring.jpa.open-in-view to disable this warning
2021-04-08 15:31:11.764  INFO 5076 --- [restartedMain] o.hibernate.jpa.internal.util.LogHelper  : HHH000204: Processing PersistenceUnitInfo [name: default]
2021-04-08 15:31:11.775  INFO 5076 --- [restartedMain] com.zaxxer.hikari.HikariDataSource       : HikariPool-20 - Starting...
2021-04-08 15:31:11.819  INFO 5076 --- [restartedMain] com.zaxxer.hikari.HikariDataSource       : HikariPool-20 - Start completed.
2021-04-08 15:31:11.820  INFO 5076 --- [restartedMain] org.hibernate.dialect.Dialect            : HHH000400: Using dialect: org.hibernate.dialect.PostgreSQLDialect
2021-04-08 15:31:13.047  INFO 5076 --- [restartedMain] o.h.e.t.j.p.i.JtaPlatformInitiator       : HHH000490: Using JtaPlatform implementation: [org.hibernate.engine.transaction.jta.platform.internal.NoJtaPlatform]
2021-04-08 15:31:13.047  INFO 5076 --- [restartedMain] j.LocalContainerEntityManagerFactoryBean : Initialized JPA EntityManagerFactory for persistence unit 'default'
2021-04-08 15:31:13.279  INFO 5076 --- [restartedMain] o.s.b.d.a.OptionalLiveReloadServer       : LiveReload server is running on port 35729
2021-04-08 15:31:14.223  INFO 5076 --- [restartedMain] pertySourcedRequestMappingHandlerMapping : Mapped URL path [/v2/api-docs] onto method [springfox.documentation.swagger2.web.Swagger2Controller#getDocumentation(String, HttpServletRequest)]
2021-04-08 15:31:14.257  INFO 5076 --- [restartedMain] o.s.s.web.DefaultSecurityFilterChain     : Will secure Ant [pattern='/v2/api-docs'] with []
2021-04-08 15:31:14.257  INFO 5076 --- [restartedMain] o.s.s.web.DefaultSecurityFilterChain     : Will secure Ant [pattern='/configuration/ui'] with []
2021-04-08 15:31:14.257  INFO 5076 --- [restartedMain] o.s.s.web.DefaultSecurityFilterChain     : Will secure Ant [pattern='/swagger-resources/**'] with []
2021-04-08 15:31:14.257  INFO 5076 --- [restartedMain] o.s.s.web.DefaultSecurityFilterChain     : Will secure Ant [pattern='/configuration/security'] with []
2021-04-08 15:31:14.257  INFO 5076 --- [restartedMain] o.s.s.web.DefaultSecurityFilterChain     : Will secure Ant [pattern='/swagger-ui.html'] with []
2021-04-08 15:31:14.257  INFO 5076 --- [restartedMain] o.s.s.web.DefaultSecurityFilterChain     : Will secure Ant [pattern='/webjars/**'] with []
2021-04-08 15:31:14.311  INFO 5076 --- [restartedMain] o.s.s.web.DefaultSecurityFilterChain     : Will secure any request with [org.springframework.security.web.context.request.async.WebAsyncManagerIntegrationFilter@62555e43, org.springframework.security.web.context.SecurityContextPersistenceFilter@41363e6e, org.springframework.security.web.header.HeaderWriterFilter@a2ce5db, org.springframework.web.filter.CorsFilter@37bb7fe9, org.springframework.security.web.authentication.logout.LogoutFilter@7b161c84, com.cap.exs.security.jwt.AuthTokenFilter@72c86093, org.springframework.security.web.savedrequest.RequestCacheAwareFilter@31271382, org.springframework.security.web.servletapi.SecurityContextHolderAwareRequestFilter@5c482a40, org.springframework.security.web.authentication.AnonymousAuthenticationFilter@26e3fd4c, org.springframework.security.web.session.SessionManagementFilter@53608b82, org.springframework.security.web.access.ExceptionTranslationFilter@79c1241e, org.springframework.security.web.access.intercept.FilterSecurityInterceptor@8647d28]
2021-04-08 15:31:14.327  INFO 5076 --- [restartedMain] o.s.s.concurrent.ThreadPoolTaskExecutor  : Initializing ExecutorService 'applicationTaskExecutor'
2021-04-08 15:31:14.389  INFO 5076 --- [restartedMain] o.s.b.w.embedded.tomcat.TomcatWebServer  : Tomcat started on port(s): 8080 (http) with context path ''
2021-04-08 15:31:14.389  INFO 5076 --- [restartedMain] d.s.w.p.DocumentationPluginsBootstrapper : Context refreshed
2021-04-08 15:31:14.390  INFO 5076 --- [restartedMain] d.s.w.p.DocumentationPluginsBootstrapper : Found 1 custom documentation plugin(s)
2021-04-08 15:31:14.406  INFO 5076 --- [restartedMain] s.d.s.w.s.ApiListingReferenceScanner     : Scanning for api listing references
2021-04-08 15:31:14.493  INFO 5076 --- [restartedMain] c.c.e.EmployeeExpenseSystemApplication   : Started EmployeeExpenseSystemApplication in 3.719 seconds (JVM running for 110158.924)
2021-04-08 15:31:14.495  INFO 5076 --- [restartedMain] .ConditionEvaluationDeltaLoggingListener : Condition evaluation unchanged
2021-04-08 15:36:00.104  INFO 5076 --- [http-nio-8080-exec-2] o.a.c.c.C.[Tomcat].[localhost].[/]       : Initializing Spring DispatcherServlet 'dispatcherServlet'
2021-04-08 15:36:00.245  INFO 5076 --- [http-nio-8080-exec-2] o.s.web.servlet.DispatcherServlet        : Initializing Servlet 'dispatcherServlet'
2021-04-08 15:36:00.249  INFO 5076 --- [http-nio-8080-exec-2] o.s.web.servlet.DispatcherServlet        : Completed initialization in 4 ms
2021-04-08 15:36:00.371 ERROR 5076 --- [http-nio-8080-exec-2] com.cap.exs.security.jwt.JwtUtils        : JWT token is expired: JWT expired at 2021-04-03T21:02:49Z. Current time: 2021-04-08T15:36:00Z, a difference of 412391314 milliseconds.  Allowed clock skew: 0 milliseconds.
2021-04-08 15:36:01.105 ERROR 5076 --- [http-nio-8080-exec-2] c.c.exs.security.jwt.AuthEntryPointJwt   : Unauthorized error: Full authentication is required to access this resource
2021-04-08 15:37:08.573 ERROR 5076 --- [http-nio-8080-exec-4] c.c.exs.security.jwt.AuthEntryPointJwt   : Unauthorized error: Full authentication is required to access this resource
